# SSL/TLS secrets log file, generated by NSS
CLIENT_RANDOM d6a81d4f5d95c200afab6894fc666c4bdc2f12ad614df16765cb6f67abd1853f e39d640a340793e129c357ed92372268f774141aa035b1f54cf5159e63673300e2fdd7bf644a9057e321592712b8d8b5
CLIENT_RANDOM ddb129761f3c1300e684450fc302e2c8d212554d189adda08acc5aa70e902ce5 e0035187b05d5ac180ac8d50f3f14f141463911e3d626d09113c8d3cd62cddcb73944fc9e4cda1f82c5ba2d4ec735122
CLIENT_RANDOM db3310e52e780cd519ac942308d9c3c208f790cd82960d7f038327061f7da9f1 6eefb16c43c9629e5b1f95bb7e630d6286a604495baf8a399a81b5d8edbeef2e5e4baa78a3881b8d6377564ca14a9343
CLIENT_RANDOM c0e9995bcb46e6b8e195a4f5dd08dac165e732b61c41e24fbfd5d4f8fa4e66fe 50a14edd0d260a039d72d456efe35858f76d81a5361351bbd3d561c0bf2ab25ef735fd452260bdd675e4ca4416f3a5d5
CLIENT_RANDOM 20c9d0d1dba87c6f4ebb24513f74da5879639bf39322231a2b209038da4b95d6 dee4403e38de06b1f4ba65028fab79ecfd53f05f5bd38293c9a2e65671b8877c6fbcd2e166b04158fa31486521f76f76
CLIENT_RANDOM f31d847b8f0de7d81612a1a608f01595eb18a923d9a3be73bcf0134e7f89a164 27c5074d65a7689077fb9b0fbb44e11ba8d74e9900eec353c22596f9a99d514e0f63a06ab3f819e69c8203bda0ccf5d0
CLIENT_RANDOM 354b79ef841cfe1c6712e741c0772f71a5ad1222d5bdfe8e84963932edc5f8c3 86c55caa8a74040f3fb020651f84012509389656aa333441dcaa57abdb9ddadd90eae8a5f87036e75b76d83720d230bd
CLIENT_RANDOM c9b9f538d36623ef9c80f4ac1cdb55f87b9ae3fa542dbdea3b3818dc34ab5b40 e6918957c96bdf6be0337a63c27b82dc89c18c28cc0bdbc620858d16f4185a506b19b67ba6289fe8af94f140f26a5481
CLIENT_RANDOM c3ea7f2ed9454ff172368acbfaf60133aab27cd3c741cfc5ffa3f6e8fd695ec4 27c5074d65a7689077fb9b0fbb44e11ba8d74e9900eec353c22596f9a99d514e0f63a06ab3f819e69c8203bda0ccf5d0
CLIENT_RANDOM 43c6fbf65a2fa2fee46c7d75cc1752909f29b81018d50218d32f659e8f67a1aa 27c5074d65a7689077fb9b0fbb44e11ba8d74e9900eec353c22596f9a99d514e0f63a06ab3f819e69c8203bda0ccf5d0
CLIENT_RANDOM 6c114786fe6475fa1ebd093b2b74ae423a9f9efb4d2fd0f642875c1fae90ec96 5528d9803f8f8fa8c77a973808e380c7d70d427d15332d07bf921fe6da70cae28cca8a1f8e58d055aeb936786018380e
CLIENT_RANDOM 54d6b0a6f9d435257770bb00aef901e06d62fa4e4d019c94b98d6f2c4576998d 27c5074d65a7689077fb9b0fbb44e11ba8d74e9900eec353c22596f9a99d514e0f63a06ab3f819e69c8203bda0ccf5d0
CLIENT_RANDOM 987da584ddd0a087418199a5a36a72db1ee708d364ad37f8fdf70f53e09edd1d 60b7a09255882334ed7c6d97e08215e7e867db44d88f01db60ae0a6645bd250ea8a29b2b22ebf1be69f60b0a50f4bf04
CLIENT_RANDOM eef45d2d0c4de04f248129515187045c3e3f2fb43086a3d9014b5d2d9bd35326 08dd9158123182c4889be875ccb28fd20d6eeae6f9d7b086c1ab02241b7dd74e1ccc7009ddca1a599ebb6c185989eef5
CLIENT_RANDOM 3b4d0164f59a4152f58ac96070e685c1f8c087f8d702ae873e7bf12601ffdc4d fe778a991ca7d665ad662026012a8dd369e716d7483a5de5a3f09de2520ca32bae7c48ecc9c32bd694804512e5f82d82
CLIENT_RANDOM 292d7323608bf34926d260e351f745654256d4cc9e5fbabd453a93bec0d39e0b f753bd298b958ce64a8230155e1967a0855b166fac549873c09c530ecdf1579fc83f369b144a86ba04ff8641cf361d89
CLIENT_RANDOM 638f411d32ee6036fe9ce67d93d4fc972e64beeac5426c67f4e97c1d117bf1df 40c6fcc51ed38d99eab3cdf3e52e35bd1f4f001139f225fca036c3e89da5c6ff3cd412fce84e35efb832b8c0ea9378a0
CLIENT_RANDOM 336d79e79cdd2483ba43112ec64ab5d56e94b8025d9b14563e64f0a7359e1ada 10d249d6b091eb3312071495bba6fc9c59aebe1ac08ea30b50bbc296b200f2d5bc4bfeb140120bd477d7ec871f9ad0dc
CLIENT_RANDOM ac10f539e580e93b88fbab0b88afde6f3fb7ec9104205a1d8837628e15c3b31f 6776ed5d9c7da4963f76a63d1843863412d65f45afb85269c3c3cb92ff9a876c05253f8742dcaf96102cda142edd49cb
CLIENT_RANDOM efcffe7d27b492cc09f6346251607e26e9d7256fd95c0b13f2ff1d5227a7e17b 6783843005870217be46c4e2f6f9c275464f2f11dcd2d529be7c7e5c12fd99dd8555f9468f64b1449eb6956cce3cdfca
CLIENT_RANDOM e7c7dc6f2eec5957d7e92588e2b3764f29328eb2ebccd8788edd98fda135ac56 2d04c28ec4c41c2a5f4e0c4443ae8261f0535bbad14666671c904d895f356fee09b84aefe14b19bfec884e4932a672ab
CLIENT_RANDOM 1c19d4de7b4a24b1b6f0aef51ff4507be88427f0caeb999703903939f85af747 fe778a991ca7d665ad662026012a8dd369e716d7483a5de5a3f09de2520ca32bae7c48ecc9c32bd694804512e5f82d82
CLIENT_RANDOM 3555437e336d8e3ba52bfe5178178e8436ea799f0ce2c4a366700c74a8095034 404784cf9acaeb02a5dbdea31625a1b762cdd7224847d7fe4bbfa100b37f15609fdcb483341a0f67b8aab5576a6b3c9b
CLIENT_RANDOM 36f81137e83a093fd2b798252a9aab111e53ad24f9b4f8adeadd3c579c2e01ec 5528d9803f8f8fa8c77a973808e380c7d70d427d15332d07bf921fe6da70cae28cca8a1f8e58d055aeb936786018380e
CLIENT_RANDOM ff36b039901623d6993f2b1837175afc0f6622125762a1f237a93d07baa1666a 5528d9803f8f8fa8c77a973808e380c7d70d427d15332d07bf921fe6da70cae28cca8a1f8e58d055aeb936786018380e
CLIENT_RANDOM 6575efb9624ed67d22541304ea0f911ae127233d48f837c719cc8ee00855f545 5528d9803f8f8fa8c77a973808e380c7d70d427d15332d07bf921fe6da70cae28cca8a1f8e58d055aeb936786018380e
CLIENT_RANDOM 7c4298d6627c1eedf1599b8ee9a205f3160d28f923cd746c787064504a4b03ef 9d1700b913ae039d74a63d399b41f2caad15759b10d37d91c71339596a356e0df7d253feed9da18471008cb5bfc71ab9
CLIENT_RANDOM 33c9331054b1d96d9357544b543e21998ca483f2730b61e4994dc88225667c76 344c0fae98418fcde21b8319f62257ed1447abbf770b39c3025a3f4a54c8c88592f010749d6fa2e942ffcb2a4762ed24
CLIENT_RANDOM cd996083385560bed21bf30f9a6dc85152070ddb33aa628f142c375498317ef7 9cf4c3fb8183c512f08ebbce1f83f0b8c2d6b50a197ed150ed37446d1ee9bc583064dde9bea722ce0e361fd242c4f2b1
CLIENT_RANDOM ceed3ccf5a20d5303e6b134b1f9e0be8511a50ed30d9bc6d8f8e1126085bb7e1 0e0e4b987bb308c25dbdbde57d72346c61833c9138c2563016d0adc885b492fac235cac10c0a7fe9b9a19ac2739c209d
CLIENT_RANDOM f11127ba33a8cff7a8da4b154b6b2c0cd9571f863866bbe98156d3acbe053267 299f6507206ccbebae22ad384c6fed1a528410a69b7ed2e9d9179dce1dab27ecad39fc520e117e87c58abe5c7ad36876
CLIENT_RANDOM cd77a02bc6cfe72b7c2c82bd76eb28abe86e7f05ba68f342d54ac8f988c4b7b4 5528d9803f8f8fa8c77a973808e380c7d70d427d15332d07bf921fe6da70cae28cca8a1f8e58d055aeb936786018380e
CLIENT_RANDOM 011b96a29e2b130ffc04b18ac9c1fa24c7c3c03b6366ce89b6568676160665a5 5fc31e0e08540e6150b2e7edce40abbfff744cf1a1e84436e69be38484065dfbb890a74d52eba8ff3d196d992a428372
CLIENT_RANDOM fe8b64a2d394daf6ffc3ca3e7bb6a0fc0d676c7bbd9c855c319696412afe8ec9 a6a63044aeabd30834be7ef3c8ad92bdea24459f5a2bd058fe383ce227b45c1c2321904d10f615fbe6b42bd3c15dfe58
CLIENT_RANDOM 6a56e2764e9e477fdc02bebcfdef96088bb53377c4fe14ac25b1aa2323932397 981df4ed84dbbe8474dc1adb7b48bbc484b2ae42613b9e1fa799a11517918e15bca399f40df93933364d9be716efc792
CLIENT_RANDOM 9974a10b012479418e490e3fd3d9d62cff2cadd84b41920afc88d66d2f019307 fca04e74b98bf4f84948fabc64c1722f2f1a5b5f389295730a77098b8fc3d1771739ec8c53372981155bb73b613fa951
CLIENT_RANDOM 448d5edea33ca927b748d691f71a8a6b28a51743a9dad2da93745b4bc96d7150 63377e9d1314c541e7665d5881b2d4540b302933f741431c17c7368a20bc7b383f4753348cc6eda7e530e738cef6980c
CLIENT_RANDOM 17a2c0f93702e9d941469413ea0200fc84ccfcdbd26f1f0f51ca9855aa3ddea9 46dcaf4a9b94097729f778926463591c6df918bdde4e4487176f64b573dedb9714cc35ca110a9f72e743517ee340425b
CLIENT_RANDOM d6e9c1ebcf8a3f1630b58868e6d05907ddddd323e03c4d34b176ebcad9a827e3 8a7da9da7ae85758d65ef84af0064d550d47e6a1994ba89daaab5839b456d947581f8461d4d6dfd95eea3ea6f642226a
CLIENT_RANDOM 84e4f20fd87379e676d89fa80dbf92bd7f3bafeef71a9f876ccdc1fbbf35424c 71a116cd015785b51742a844d6eeb68fea6906bccab065322657a2e5dceb014cd5df828881cf6ac2bd882caad56e4787
CLIENT_RANDOM 1ee124caa25ae8e948050ab741c9fd16abadcf4a7e5e517513955c0475422346 e7cf631c13e924f91e7f0408ee1d11c6914cbd3055b5592180fcfc6788f1103583d56fa12d24ba2479675bfddbf3b43c
CLIENT_RANDOM 79bc5e3e78242eb49159ce9f1b90bf52661650d79b372e04ea724e5e02c01cca 981df4ed84dbbe8474dc1adb7b48bbc484b2ae42613b9e1fa799a11517918e15bca399f40df93933364d9be716efc792
CLIENT_RANDOM de2a3d2ea53719bb0d76a899a7630c36beb572208f39fec95ad577cf616fd092 981df4ed84dbbe8474dc1adb7b48bbc484b2ae42613b9e1fa799a11517918e15bca399f40df93933364d9be716efc792
CLIENT_RANDOM a59becc34a9a3bbad608dc77c17de99d377e0336c6b48f5399e1fde72bd07454 981df4ed84dbbe8474dc1adb7b48bbc484b2ae42613b9e1fa799a11517918e15bca399f40df93933364d9be716efc792
CLIENT_RANDOM 34d347b8a63cd43acd0f5af9c3e36a0a8dcaaeef9d514caabd244404d9a120dd 981df4ed84dbbe8474dc1adb7b48bbc484b2ae42613b9e1fa799a11517918e15bca399f40df93933364d9be716efc792
CLIENT_RANDOM 2743d1d7f05bb25dde4942bfdd18f8368570cfc2ff07c045c4929f55d5f992a5 981df4ed84dbbe8474dc1adb7b48bbc484b2ae42613b9e1fa799a11517918e15bca399f40df93933364d9be716efc792
CLIENT_RANDOM 9c3fb1115316dc03b7321b42dc6592308bca1064b97729bd93b44705c848077b fe778a991ca7d665ad662026012a8dd369e716d7483a5de5a3f09de2520ca32bae7c48ecc9c32bd694804512e5f82d82
CLIENT_RANDOM de2bc60c400b3c9544fa2792143c62bc10691b5d379fee5087a776e114778a99 fe778a991ca7d665ad662026012a8dd369e716d7483a5de5a3f09de2520ca32bae7c48ecc9c32bd694804512e5f82d82
CLIENT_RANDOM fe4015adc70e0942da366a866b022878c84ae581dc7d7e0faf83759c535c953d fe778a991ca7d665ad662026012a8dd369e716d7483a5de5a3f09de2520ca32bae7c48ecc9c32bd694804512e5f82d82
CLIENT_RANDOM 840b167eadf7892c3b12729bd766a88c243f17bfc17ca73bba728eb7bab3f27d fe778a991ca7d665ad662026012a8dd369e716d7483a5de5a3f09de2520ca32bae7c48ecc9c32bd694804512e5f82d82
CLIENT_RANDOM 9f54c874ccd44a5762a254d4f83114ec54c42bf9ac7da52b53c70ea0164d3563 0e5078c0e2cebf1a67509d9ef16b005e9214b78d3e450ab7f159f83a94f26d515b9d59abc084dca0cdf4c7a2e7ff248b
CLIENT_RANDOM 2f620ad616c816d4d06a339a59bb497b3b68d8527cbdb814468cf33362a48bfe 4bf4c18dcb58f053e5b1aab32fe55718e056c778a6f25873ad370f991a0eaebff2c37477547d672054400dde5eede23b
CLIENT_RANDOM 2699a7353dee51a3edec89f7ea38076495cb82a449c60973aef6c30588b925ef c870ce7235acc6831e9a654a2e77bc3db70e2709355cd3cc37d6482122282d68210bf033df157080e646eb05e43ba648
CLIENT_RANDOM ceed880fb0b9b9732c968890c9451a31d23856c080819c1712f079e810b2b488 c164b1b248978cb06a8e4d3d70554960f66161ea20ce870344c24da0d2e779f59a92410125a19655f10eabf37b18fb91
CLIENT_RANDOM ffa276a921b3d7364fcc55551c1dc19a9dd221851d9d96b0a02f9e38e6e8cb79 87f4bbe57006df4690385fd8ff20c6d64e2406d2aa2850fafa127f3e59de1fd7808211fbce4f11c73a36985964d38f4c
CLIENT_RANDOM cdaef3d529f91f12abdab7c16b7b81732b7e1f4e5a44defb1662830f926d8f72 625cb2affe928f66e5c422c7662eb58ca19f7cc7bccf920f0e47dad4cd8cc5286c99cad8e031a2bd200b0087d6c1073b
CLIENT_RANDOM 1f82c9fe0c82d2377f043f7dc15b1c21f78cf30c6e6993efa9d481b12d5ea7a5 2e3b54f10c50da6c3977451d40e532b5e69574003ec435a631250780bc97b21b9e62b0b0b04fd6b81dd416533fbb12d4
CLIENT_RANDOM 99517121d14584327d45b07ebb13eeace969c61367be40c6e45b9a79d6a249da 6d1e3677728a6b28259704aaa19105d39bdfaa4392a723ae27d9ac49f01c27acf8df60eeb358386a8b63fb644ba52fec
CLIENT_RANDOM 93013033f641131adf6e4b5b052ea1e9fe66963a2ac4766aa579c73fd5151fb9 c5a836325c0a1a5e936fdc97f0e1ff81b77a3851f259cabcd0fd7fd74bdbab8e3ef55aedbaeccdc2fa5e92dcae6e79cc
CLIENT_RANDOM c20e8ddae4e0f43fa7f28cfdce7b6b9171ddbcfc82d21c2b6d3d93f635ffbc37 bedd8aaaffe49b5d5d9462c516e480dfa79f4e6044fc071f444e8b686f556588d5f1d49890bb3e4b0bc68d7a4334aaa3
CLIENT_RANDOM 4ba95bf5ca07fa24743be97fe5c52714c873974baaf2310006f56d54dba12f00 4c0c266b233f07f9cd0259582c519c148fbc7aedc1ab726d34f9594d37916c34861c65c72f0704c8500abe56378748f4
CLIENT_RANDOM 8af369671a9e3d362a379ebb8b8a893e684d51dcdd462c57392f419e7a5da884 d3c6e3d3a74ea9ea0ed2b25e933bddfb9c1f0df26f941593e463045997e963c29777cb19258773c76a3db6a07e8bbb0f
CLIENT_RANDOM c15a7154561acd32b6dfd0673a8a3ac981f27ceb802d241318ac1269a8077744 3b7e99e9a6e550162e3cf1083823a9cc813bf2a170dddc846a0ba73d4c659a433ea21d4b78bd9333ace5674d885143f9
CLIENT_RANDOM 0bd0124e920fc5270ea4a18bf20d672aa1561ef6121658f2e34fb7c2a01fb875 46d998898df71336cd1e7fbf8413d09b955c960fea547d28bd3f66ff4030b1623e4086c9657a02cec219dc1e374f3d47
CLIENT_HANDSHAKE_TRAFFIC_SECRET 2abd531e6c0e8fe94c26628333969efa65022eef31123c1fd0b7e072de21fa9d 49dc734e34c5a27105b2de058ab6beedc92f814051d07f028a08d1ccc8709936
SERVER_HANDSHAKE_TRAFFIC_SECRET 2abd531e6c0e8fe94c26628333969efa65022eef31123c1fd0b7e072de21fa9d 0fd956871ecdc9d2fb8d5f1a94425250fec64a5dc9d225e568aa458c854c6417
CLIENT_RANDOM bf7f789689826c2df6687b88434dfadf1d857ca164522427465af28d8b2a2256 6d1e3677728a6b28259704aaa19105d39bdfaa4392a723ae27d9ac49f01c27acf8df60eeb358386a8b63fb644ba52fec
CLIENT_RANDOM 27b94ad289633c8529cf08aa19fa1928cf44ccb0ba930f3f2894ee62e016605c 27c5074d65a7689077fb9b0fbb44e11ba8d74e9900eec353c22596f9a99d514e0f63a06ab3f819e69c8203bda0ccf5d0
CLIENT_RANDOM 8ea0d3a8cf93cc48cd7db1e2cd3cdc7767f51558dfc70dcf20ae18e5a2f3ed4a 27c5074d65a7689077fb9b0fbb44e11ba8d74e9900eec353c22596f9a99d514e0f63a06ab3f819e69c8203bda0ccf5d0
CLIENT_RANDOM a53cbefac81dc3d363faa4c3c7ca23f1bbfa8224a92563688bfe788d1f90cb52 6d1e3677728a6b28259704aaa19105d39bdfaa4392a723ae27d9ac49f01c27acf8df60eeb358386a8b63fb644ba52fec
CLIENT_TRAFFIC_SECRET_0 2abd531e6c0e8fe94c26628333969efa65022eef31123c1fd0b7e072de21fa9d 1be375929f10048ea95250c08ecec60ccb7b7720d4a6bc725165bd1c843da895
SERVER_TRAFFIC_SECRET_0 2abd531e6c0e8fe94c26628333969efa65022eef31123c1fd0b7e072de21fa9d 116865db7f21f275c3d5fc8bb674e9edf3862be4a14b5cb1cda7ba4d8cd5f58d
EXPORTER_SECRET 2abd531e6c0e8fe94c26628333969efa65022eef31123c1fd0b7e072de21fa9d 751f309d4cfb4ccffcbc6e682f83f2be933ea9887395e8abeb217096fd4e4ed6
CLIENT_RANDOM e8c09f3fc09525cedf5b4adcd793f2db4693301544d336fea6a6acdb6fbf26ae ad7607b6089405320569916e72d160cb443566c5e00562dd967d76368caa88726ab4adbd202eff9de40688cdb327a5e2
CLIENT_RANDOM 1795738ad9064b34ab3ec8f5845653359b7d55eb25604711fa9803083f081c71 44518d0a4a1537b3906a97e7ac2ababa828005388620c9db45cbe72a5ff6f1edfd19a333a7dd9cb016ae64d7dea418ad
CLIENT_RANDOM 4f7c81b57d2c82577e41cde4156339af6cbb1074ce65c5ebf327fd2713858523 dece9790085d2a01e97d279651a4ed2b4d4dcc3455225962e7bbbc5f94e6d6e5d786842fe5f048ac8584d4449ef1bb9d
CLIENT_HANDSHAKE_TRAFFIC_SECRET ee28b3bccdbd1d5cd484f9b5c9b66f9357d75ab7a403a4368a9e3d5b6612229d 4645d58b9a058f782595a2f0350a6b27b7a9994d0033d3fb14a46d4428b4c85d
SERVER_HANDSHAKE_TRAFFIC_SECRET ee28b3bccdbd1d5cd484f9b5c9b66f9357d75ab7a403a4368a9e3d5b6612229d 86c40469545c27366fe780ceea5bb9313fbc28b8c40b1a558213dda8f7710331
CLIENT_TRAFFIC_SECRET_0 ee28b3bccdbd1d5cd484f9b5c9b66f9357d75ab7a403a4368a9e3d5b6612229d 20b49a1d288273a0e457700ab3d069cbbb1e6da14bba8a7e6df398e742e13318
SERVER_TRAFFIC_SECRET_0 ee28b3bccdbd1d5cd484f9b5c9b66f9357d75ab7a403a4368a9e3d5b6612229d afd5617b5210ca3ffc11ad13700763b1cc66f24f7ece92a31c35b916eb05dab9
EXPORTER_SECRET ee28b3bccdbd1d5cd484f9b5c9b66f9357d75ab7a403a4368a9e3d5b6612229d 93724c5e9c5baa48ca301cb42036cdbaf5651e756501dae60d8ad80a2ae0f262
CLIENT_RANDOM 16ed62065c9b857153b19fc33764d8527fb7555ea95a4f4ff1b86976482ea5a9 44518d0a4a1537b3906a97e7ac2ababa828005388620c9db45cbe72a5ff6f1edfd19a333a7dd9cb016ae64d7dea418ad
CLIENT_RANDOM 8311c6270988b5e80f8b27ad303dc9deedf35e84887aecbd40848895aa912ccf 463358182a423b658a4e26de9150e802a207ec9d3b2547510de1a197efc42613b6197857cbc7554ab6d4e2cee078647c
CLIENT_RANDOM 5172f087c63ad9d9a7053350722c5990975836429d9ad7c94e08170edfca24e3 727306f7e4d0aef59f4960ef4988c6a62727a58a979e513da9b068f9500110eb34ac81f2c127fb30b4d8a5ba57dc6125
CLIENT_RANDOM 55f449c49563b2c45089b031c3d23c43cd9a91333d9daf4cbf35445504ca95ca f61ccf979d1c37cb271871e6ac0d0e3ef10807bb664c2bde4f71188190137a5dd9709a56539bb78dcb22eeb5bbc4be27
CLIENT_RANDOM 29dcc88578dcf0ac2c5a333527223f12fae308c6a795dcc7bfe29805dd559891 f954f3505b57cb097666a310b3b65481cf71b2487b74a0ac7d706ed618984eed73290e5f2bc78a10394150fc90bcd12e
CLIENT_RANDOM b701b997159e0021eb2b758ec67f3767934c3df8157c6379b41598c10b7db4c8 d6641b8afd2ce7b845ed4baa7c753879d416d92341cdcd56d21d3cf9cfa40660978b511472e8d2123b8be5a71ea32d40
CLIENT_RANDOM 1f69922f993a2365442609e079685ae51cdc24b22c133b94781d9f7593eb6f9e 6e702385ebd199e2ff42819dd86d08b08a294f220a317e4e4bee65fe954be9aa103c9d9a4ed262745a2154b9fced0a57
CLIENT_RANDOM 952ba517be07bcb9a9f7c04367d8bf4f8b835cdbd10e8e51fa341a7337077ba2 da189847d8bab1ed111bf7add5fff125c6605c7d11c68148c430228f00035823a7bc52e95826e8b36e982ac53a1a09dd
CLIENT_RANDOM 5d5d112ba286fbbf1425cd2e65e1808cfbd51139e82ba0cf6a26cc35d99e7b6d 8df77bb01e32c57b09aa76ba0b6eacde39f3a4229b2485a91b7521141e5abf4987e08002d651f7812fd274c3e9b6b529
CLIENT_RANDOM faf74a0aa4d5def989ad40b117934af46a32427ddbc0e2279c6a86371798d330 7873890b8f750ff8cdbefed66bf9c15d182654cf16fd61c06e74db24c87880af500912bb2cea2dac5464f960cc98b4da
CLIENT_RANDOM a96f9330868b873fd78f09c8fcf5da68a59618a136b2609a448865ec7d6186f3 21720afda45319f4a66876f369a0a6cd14a40e311497caf4923bee2b580b6222e369db4d5200f0c0c3f1f6f706f36cbf
CLIENT_RANDOM ff0d7054dcdde254886e25b55e7e6ff3e1a6fb70a157c8f97fcd456317b3974f 512dc38f4e9551ce759f5165d4ffde0aced6e96aea95ed83265b4db52f6aca39979b5d68566bfe1cd736451b53d0113a
CLIENT_RANDOM 72e1905c79f5091452227514c29959db79ed37a9bd02bd35055efcbcb4a2dd14 8ebcc789aae3a62cbc0ce5737261a27ab10ae456c8f11b950a501e6b1296f39f8812b2f067ec3b9babb18d08fc5013b9
CLIENT_RANDOM 9a99a964737eb99998cdc8505e2626b1b6f5f2b125f67a48bde11d8f0d5c3277 e35aaaa5f38462ecd0207c74fd8772defb5e5670ed688aa84e8fbdd2dfd9e982c310c856317eebae444937fc53cc4415
CLIENT_RANDOM 62dc831d0b2c1b8c018027afd39e7fdd47fc238f6fb13988a74afd87792f2ede 43a4520327a1441b438474f4eb2bf845ebf6cb1c400cb95b2929a8fc238c979579c1ce34d72d2bea9028b67e93a47ff4
CLIENT_RANDOM fc65c450b3ff2cede1b80d97202bd89511bbf5486aadf125de8043ff6b77096e 5c66257483404c98036cca78121929a909d6fa6be2046200bff7afa115629092984f59d94f322546b6a8bb797b425981
CLIENT_RANDOM 720159fc8e4fe0666dfed3877081b24faa1e5bf6dd55eeb71e061bb18ee96c75 b5ddf985baa955bd3d0174aa03d336b1f7ea277edbd9920574289bd5e0b1983fed1178ff84859c2c751e9ec5956372ef
CLIENT_RANDOM 94705cb59a93eb0d682bf75856d106028e89b5d289c7abe23519f49861266304 c9cf0bbed2d9d02b4cbff8ffb3cf9a72f75a4be70b4da40ec19175e0fddaeab177aca2daf24a7002ccabd3d4bade0a3a
CLIENT_RANDOM 31196089f7f7f6ed0f2566a8b92667e13a3eef5c1bedd0e148c0e9c44383444c 8870e865382b7ae78986a0d60636d815d9511cfb7ecc04882fee87525592df52deaad0459c0728fbb0a810ce565a6a13
CLIENT_RANDOM 1fb2c1fcd3178a6e960e48f70b4132ba21818ea5a65a6ad6ce86fba533ac24af 5c3c53defeb0165b6bee3d91d6453986a952f9477c1558bde9747cc7f7a69fd32dcaa76e1a4ef009deb709ce3bef51d9
CLIENT_RANDOM 51acea2a7cc91f6d655c37ca5000fdd749a3256ab22e069b83b43133c35a07ea 0c5b6b14194e89df94b5ae67394202471e00a548fda51e5e4403e7eac1e4a5a337cc3388769f81b2459858fdd12fd5eb
CLIENT_RANDOM 219ce4077c9ccca7bdfefdd7ed7cc6d8c4b86d0395c7fe685ec567ab66605b96 dbfa7c1422335340fb595707e394241ecb360640f911a1e5f19032c0150da1258edd28ddeb50988a2b5c78f401a2cf6c
CLIENT_RANDOM 3b5668a416be20ba839563a148093f7f29a5934c8f1119b56b2579e4238d92b2 c257757dffb46cfe89b9ddc6054fb0d2a5d075a5d8c9e37836344027d1239622cd7aa0fad1b3e3ce235e55aec5b0e7aa
CLIENT_RANDOM 9688494e2bf257515e9cb7c4604f4809c383cad4a7ab20c10898f1914dfbb5aa 7749157452b6feef07f9f99f1ac655e764415fa5f58bd70f7a92f954a00473dbc02c737bbec1f032ea73b56f53774550
CLIENT_RANDOM b7fb66c63e3fd93aeb0eb6125990d631895163f2b3570ffe6f679238544faca9 5a974f6db82e00cd583547b7608a531fe35662a17630ef1dfd988116ac96ba81e5a17673638c20988deeca1d94c2cc3c
CLIENT_RANDOM fb391ed54978f59da28a59ac1b5615c11ca9758c3c7c0e2c3fb25bf5a3008c7f 81802d395a3817fe1973bed1c3e220ef26c255b41a9cca0397f4dc8b5e32d58f072419a53691b3dd00775b0f200620b9
CLIENT_RANDOM f104f1d71e2bb62af3eea00e2de6807c23287c4a3e0f3ded75b4dbbf3213f39d a3f26255df10936c31dadcb1ecfcff8a7f4f6d0542b2fefd0a3c5bc5a9961307a9e333239a31037ee1c1e9546fa1d389
CLIENT_RANDOM b439e4898b0fe64a608645d894dc611c984a13e3ee281b09bd421c948abcca31 7f6b99651573149fe3e845a686c93f726f4883f9ba13d4be6d56e5ff3a941d3672f173098e6162d987eb7665f482995e
CLIENT_RANDOM b91db905e4b83eed768f961a7ccacfc4d941322e7f9d7a6a52be0dc7e313ae4f 25ecfd021cd0be448b3b1a83fdc075909a75de4dd8cd421321f37b769a1bc4771dc9157cb62078b54971c1f91afc8906
CLIENT_RANDOM 0cfa93c3cee922f5dae0dd2ae97f607dbd6691755a17c5e56aa5ab21493f71f4 fe5fb1f8af52b4e58320cb250a494f87887945f5ac1cbf3c44b9e13c13d126049a3b6a82589a3ecd74a2c7947dffe9ef
CLIENT_RANDOM c72eaf4ea12f47e376791e3d0021e4a4506519bf89f73cc75e2ccc170b9a3f9e 0bf9a0cf43f912e2c8da5259a17833717f344dc85d6232083434d73022754eba8b7bce0ac46d3be9e6df9d3ae927893c
CLIENT_RANDOM 9e7167c085767013b685ab7a8dec3b34f73990caad684f05bbe7503b9332cf26 42857b42370483e4a27dd80ca9f53950f9bc63d02e010a639e2e79e624a04ccea9d4544e3a88824f6d08d747932a384f
CLIENT_RANDOM fed0a93b5d67073864d074dd9456f5f7fd5644af92fe33082b8405350c3fe1ba c0d85d498dedaa7202dc6c2654feb961b760936698fc3cb552f81d50c78fe18dca7ffe608bffba0a9f9a6ab929fb9fb0
CLIENT_RANDOM 431ce0277477e2bc339e0367122ca697022089693540619a8deef1ba42aa8acb e05de1ffcf093192f22de107eae59086c810fdd747f26655cc6fb682a4038b2c7043105e278e39d57cba721d311fddc4
CLIENT_RANDOM 41d068201cdf5c5aacf5b924eadb1e17a77c41deea52335c5b44b7bf08a2889d 8588e05733c6d14862b2f35050f7c5a1b197ac921e16ccc0523d2bff7ad92e7983449743081e8fffec8fe2fdf10e0847
CLIENT_RANDOM c8e0d5904331c55e6c26b0c04029095aace82a6459651da50a0731c3c0165b55 2c2f0c7d4eb1b057115b9a5d796f390da316538120d38b50f6ee12bc69f663eb28f4b4078002eeeccca13344ac8b6619
CLIENT_RANDOM 9fad6b4c271ec5e0d6716ea6cd91dd1d493c66e73e7e1b34f8d7fd5c1e765559 0d408ef2cac28b20b84e97ed3e7ed0ea83b3ba2bd3e185f758eaab85e0d60429fcd4a56a43a58d9f2c953b9561bd4ebd
CLIENT_RANDOM dd4ae04d349d0c36dc5da3e0c6d66f278a6e08b65603f014ca414be65c2ca921 35d5ad4b465e75927d589a8285a278c8b226a24f1830c7340729a5176ae7a34a81571d68c90a9debfd9395d54359037e
CLIENT_RANDOM 6ba525aefa3b0c47f9d41cf161758e048dfab42dad133fee3d8623d24cc68ef0 96d1eb11fc3045d56a8adb3835764fa981a6c275beb6078bc3e218c19070120d6ab7ffe82933002386e2c21175e9290c
CLIENT_RANDOM 34681516e47057966bad7d9da172221b251371ec5ed1ea28a8abcf7927cdae43 d939133dbf0a61d426e58dfcfb50d82947ee9018fc2e14db247cfa25d659e02dca8b2ceac68d96ad13393091ea61b700
CLIENT_RANDOM e412a291f275564ddc912108f480c597be42a4b969653f109bf711e87aa4ad88 089cf79763babf413b4cf73f8704e4f2e69d8fb24e5fa3beab1aa42d4fa0f4106b8f8ea18ea3189ae7d501b5dc743566
CLIENT_RANDOM f2983dc3973445b2b47e98b1e2802fef832563995252f63243be5d0706b867c5 2ae93e0549014f3b6187472240350760ae8619929ea95e940ffb3323998ca130bd982c7e2e6d7c04ef0fa39155b89674
CLIENT_RANDOM 908a6fdc9e06294638b9d933ec344a88f73ecd230bcf72a5b6c55b2e70a6b7d3 b87227a90b040dd803bb298c3c5b463dce6d4b51e136787047ab4cc5c872d886484707021407add3c76562d53773d252
CLIENT_RANDOM 916d5641f104b029b1186c3a1e7f60693e865b9d72e6363843dbf424db0534fa b9ecad590e197cac11c464506ec819ab994d9a2644393a6b6d5026dea4a1c053802fb868df67b334af0cfc1b75195d04
CLIENT_RANDOM 9acb569c45753d0d5e2c5ef763ca4dfecd253ce6679e04581840a02c0659fb73 19986cc8bf7b809c58879fe5b7a8e3556cb4754937d69e742404122be1b211e6d0e4f37706242191b5dbefb55d00808d
CLIENT_RANDOM 87ade9ff6dbf9582bb05ca0d16dec5b0f1b44b596bc6addabdf81a6707bc2304 61147e17b06223f64a732aa9acdfc14d05e1c370464dd4299f9598856069d6eac37faaea4381e0aa6ad576a177fca552
CLIENT_RANDOM 0cf7df3eabef0214db8ec8293bb06f996635955cb99db46f4eb440c57574ba86 0521acd9464595506cee84f2dc15a1c11877495ba59fc69422eff2d1f61ee877b93821a02afd4dfed953d391e6127948
CLIENT_RANDOM 7c27e0e03ef3dfb0292f1bfd4d4bc8d394247176a3a1bd0087dad24ceebc04f7 0de48c87a60ce2ff61381010cc755d3a3854ab1dacae342d6bb40b69b66d1eff5ee81138a34a54917d9b4eb5c2843023
CLIENT_RANDOM 01838cf97e15bff58011353b5470a69d1752805964df3491f0e150bf18949758 ff307368a52037b8615eb41a975a73f186c9a2040288adeeed20167177ec0c38ea282362741cabf19036a7499e3531d1
CLIENT_RANDOM e5a7805450010181140eee4c2e648a104c8076c1e7024e6825341b57144572e6 2afefb61bfbcb2bcaa322e7384618b0146b6d8fe6c29e2ac5b7627cf902ed3d3c54b2e4c3821daaba2f4921fbdfaabcc
CLIENT_RANDOM e3f04639adb05f02f7b77e92c7d6e62a202fa6755c86cf0373c5ba97ab26469c f1d77601e75616881b00eeb30f7df0ce58cdbd212684b89ee568f709cd6442db98a4773f41662e2689b0d1edfeb0fc02
CLIENT_RANDOM 7b3be550a1f569a73484edb994f928d87e4bd089284b4bab42f60bde74bfa529 a3d15a8f29ce091ed0f4873c1f813b27b91898255a85c7c65eecf2130f2818aeb5de947574060498a5b980ab81946766
CLIENT_RANDOM d1e9f10eb36bc443bb3c6a5f8c03e1f4ee2dcf81e0c389657458b80c8c3fe3fd 82903c4a72926547a3804240e9f23ccbf041105dad503705f4b102ba6d17a1af327237f82052b141f2c7ab4d02156359
CLIENT_RANDOM efa606aa6c73c61a4f47a16b4623a0812af570e747294040028208b9ceee7faf 5b0ad220962580e16478f144a5e7cb3fcd95e5ad76242dfbe151ca255d9ddd8d0071640ec1a10f9e245489b8217f2f83
CLIENT_RANDOM b0fb68eaf5612f22af30b3a755235aea8569e1fe294b8bbe81c13815fb6b33ae 55497aca862c1464050f7dafbfc046ab61a196cf04c3335754be626f941ec1994ddcb8161eba87cc16ea1221f271b8a6
CLIENT_RANDOM ec1fd02e7807ccaa2a5af400c86455e919d8a87e6a3a00074a45e5b89094e002 8eb828788a360d6ad19e17f72499eb28a48abd53ff51ee803984c821c356057e216a1e5f88be3705472ec906581d880d
CLIENT_RANDOM dfaa656170f7ae28f1118219b23912b922b38c3680305a81b4e2eccfbe861e6a 47f137fd31872d3b6aec1a322af9e1b254f9ac9bad254f011dc6f3ed29769147e2efa7ac997aa6721710aee20e990bf5
CLIENT_RANDOM a1bbb175fc00af565f4f7d37762758e8465f056735be13ca44202fea49939523 2f5aa9dbe2a1e45011848e9a94c3d42477c0a8930f2c83a1f06bebc03d7f608772685cd10d7c8513dcb8bf2406260c84
CLIENT_RANDOM de6a87bfb4a0491e9413157e5825d83a9c2e8df7aa22476b229163df9d9cedb5 33a522f55ab08bbea2ed85033a207bb29b0cdf7f3a722516634750c1c95ad1fdb0f687879ef0db6dc2104c421c0bc4cb
CLIENT_RANDOM f3b23b3605c2c06468a7c02decea1500c3c39573a9ddad611cfb5f8c3f9daf82 76e07225b8952b991a0c492c2c089aea47a0acfe69f033459621aa198ca1f37e69bd12a63c0bbd14ff4474f6af18fc11
CLIENT_RANDOM 7f750b5cdd02acfe1a7c8e49d7e05a8c005a8c2bc9f2784fdaada48b11805681 5c0c95bdf294d91fbac4108839250e19f902bf9dbc365b511bc9d49837ff1885fec6dddb42ad9ee6a25777e9036a030a
CLIENT_RANDOM e5179bf1b7b89443e7b33e18fc71c969156994520fa3a5ff879371d05a238109 bb3bc87c31597407718a5f27c125e1c06cb636081b9068aa41c1e6378837fe1f03a7d003a5e78112a24921e4cb17658d
CLIENT_RANDOM 46c347072f3ffafd4c98b63c1ffb100f389d03abcd42080f3625da10f845c3b7 698abab43204b318f7970288deca0fe291ed2f9853b187dd04b58e9cc65e61eeaee54961c39665dd3126982065f16053
CLIENT_RANDOM be1ff7560459ffe66e7498a705a10c368c9b96ad6a49b0aa60f91cf627d60a5b 88fa65b6ac5236ec9eada880625639ca870b9d6a588da77ca2fe956f061aad734dae1dbe6d32d34572d28e38039fc6ea
CLIENT_RANDOM 61fa08e6b15d499640df498cb88698fc2f07433ffa888470605fa4395ef87fa5 625cb2affe928f66e5c422c7662eb58ca19f7cc7bccf920f0e47dad4cd8cc5286c99cad8e031a2bd200b0087d6c1073b
CLIENT_RANDOM bd68e13343e7b42025938ec2dcf635247ce2a9e95df9cfe777194d692c4f5ab0 41d90487a1cf708baed4ec877be925e54ef1e7fffc0298193e05f24c4947d18cb6406cf0362217aa40debbd8e3be3625
CLIENT_RANDOM 2c09d4b04354d545ed60e8cf5a342772d30ea7e27b2ea8dc1f72288ddb29f898 2e3b54f10c50da6c3977451d40e532b5e69574003ec435a631250780bc97b21b9e62b0b0b04fd6b81dd416533fbb12d4
CLIENT_RANDOM 1d494f250f460f45b39fb75cbb7bdb6edd6e93025b71489b98b8f2220b24946c 2e3b54f10c50da6c3977451d40e532b5e69574003ec435a631250780bc97b21b9e62b0b0b04fd6b81dd416533fbb12d4
